1167.092
117.0708
95.41257
67.42527
65.7507
69.38364
72.92777
76.23566
79.33389
82.14091
84.68387
86.96564
88.95755
90.69952
92.16343
93.36789
94.28639
94.90926
95.25921
95.33542
95.13078
94.64728
93.88383
92.84331
91.52351
89.93007
88.06181
85.9237
83.51804
80.84839
77.90556
74.72868
71.32923
67.66238
65.43089
68.72099
72.30143
75.65263
78.78893
81.66605
84.2514
86.57288
88.61993
90.40461
91.92466
93.16372
94.12585
94.80946
95.21542
95.34274
95.18681
94.7533
94.04295
93.05156
91.78351
90.23874
88.4205
86.29364
83.93223
81.35004
78.47054
75.3114
71.91458
68.33786
65.37788
68.08811
71.68385
75.06295
78.24729
81.17386
83.78546
86.1608
88.27127
90.09655
91.6635
92.96854
93.98057
94.70567
95.16441
95.33956
95.23276
94.83793
94.18104
93.23915
92.01934
90.53872
88.77058
86.72851
84.38354
81.79185
78.99442
75.89358
72.56105
69.02937
65.54996
67.36704
71.02933
74.48583
77.68227
80.61157
83.33792
85.76332
87.9069
89.83752
91.43648
92.74225
93.80659
94.59689
95.10394
95.32786
95.27708
94.94434
94.33261
93.44323
92.27485
90.82985
89.11085
87.11642
84.85378
82.28876
79.49327
76.49822
73.21352
69.68391
65.97785
66.70349
70.40804
73.86445
77.10242
80.09589
82.84812
85.33691
87.53202
89.46046
91.12817
92.53193
93.64561
94.47397
95.03349
95.30978
95.30766
95.02203
94.46185
93.6213
92.50159
91.10277
89.43407
87.46549
85.24921
82.80868
80.06844
77.04128
73.79594
70.34667
66.56972
66.07008
69.81088
73.32812
76.53423
79.57285
82.36823
84.89964
87.17979
89.16082
90.84589
92.28673
93.45486
94.34132
94.95748
95.28363
95.32797
95.09674
94.58574
93.79823
92.71939
91.36672
89.72108
87.82913
85.70165
83.26895
80.58352
77.63258
74.40923
70.94305
67.22176
65.58844
69.09555
72.64271
75.95802
79.11132
81.96404
84.46983
86.75678
88.79379
90.58052
92.06724
93.26352
94.21935
94.8726
95.23996
95.33894
95.15981
94.70061
93.961
92.94531
91.64981
90.07587
88.22619
86.115
83.7372
81.05857
78.15368
75.03147
71.63402
67.98595
65.36929
68.41302
72.00403
75.37518
78.50099
81.3801
84.02168
86.39106
88.46955
90.27054
91.79923
93.06731
94.05601
94.7616
95.19365
95.34189
95.21301
94.8039
94.11616
93.15054
91.89602
90.37627
88.58819
86.52229
84.15286
81.51817
78.69488
75.62119
72.26563
68.60764
65.37015
67.75719
71.39785
74.77935
77.97868
80.90076
83.54274
85.95992
88.12777
89.98057
91.54158
92.85441
93.9005
94.67306
95.14305
95.33591
95.25549
94.89831
94.25354
93.33543
92.14005
90.66604
88.93182
86.91239
84.62888
82.07819
79.26503
76.15573
72.84144
69.34733
65.72697
67.04018
70.72906
74.2316
77.44012
80.36749
83.10206
85.57028
87.74433
89.67521
91.30719
92.64174
93.72858
94.53662
95.06924
95.3205
95.2934
94.97446
94.37678
93.51028
92.37394
90.96535
89.26862
87.30269
85.03252
82.52679
79.79437
76.75319
73.48446
70.00414
66.27106
66.36254
70.07157
73.56911
76.86083
79.87623
82.60809
85.14567
87.40545
89.32959
90.99808
92.41646
93.54924
94.40984
94.99414
95.29765
95.31703
95.05636
94.5151
93.70299
92.6102
91.22924
89.58376
87.67437
85.45499
82.97018
80.28795
77.31873
74.09473
70.64064
66.9295
65.7815
69.41225
72.95341
76.29917
79.35789
82.14356
84.69521
86.96924
88.97483
90.71049
92.20603
93.39713
94.28048
94.90664
95.26003
95.33427
95.12675
94.63696
93.86982
92.81776
91.49416
89.90821
88.04075
85.8731
83.4316
80.79628
77.87171
74.66054
71.27136
67.65276
65.44065
68.75226
72.32948
75.67855
78.7839
81.66194
84.25343
86.56261
88.61977
90.41685
91.9634
93.19843
94.13626
94.81954
95.21537
95.34301
95.18541
94.74741
94.02889
93.04319
91.77191
90.22651
88.3661
86.26708
83.95372
81.32713
78.42007
75.26981
71.92036
68.31313
65.35382
68.09618
71.71192
75.11538
78.26077
81.13934
83.78284
86.1601
88.27002
90.11311
91.67461
92.97726
93.98615
94.7251
95.17664
95.34172
95.22861
94.82205
94.16341
93.2452
92.01843
90.48486
88.71558
86.7148
84.3681
81.79351
78.95902
75.86839
72.54945
68.97916
65.53634
67.39953
71.05853
74.51587
77.73116
80.66077
83.33534
85.75552
87.94125
89.82202
91.43402
92.77007
93.8113
94.60455
95.10575
95.32948
95.27113
94.93531
94.3242
93.4284
92.24711
90.77381
89.04594
87.08701
84.83751
82.30883
79.51932
76.45723
73.1649
69.65466
65.95407
66.71201
70.41425
73.88967
77.12638
80.14523
82.89771
85.34959
87.53764
89.47704
91.14052
92.53226
93.64226
94.47733
95.03041
95.30725
95.30762
95.02219
94.45094
93.59521
92.48705
91.09257
89.42426
87.4798
85.20761
82.71932
79.9774
76.97372
73.80191
70.26151
66.55057
66.05515
69.77204
73.28255
76.61428
79.68328
82.41504
84.90064
87.16058
89.14333
90.86491
92.30844
93.46874
94.34801
94.96084
95.28465
95.32523
95.09003
94.58067
93.78919
92.71076
91.36253
89.74462
87.82408
85.65742
83.259
80.559
77.60739
74.40514
70.96506
67.29783
65.58304
69.09688
72.6542
76.01382
79.0905
81.89398
84.47352
86.81399
88.83785
90.56849
92.0601
93.27572
94.22254
94.87224
95.24081
95.33683
95.15181
94.67838
93.9441
92.92961
91.62752
90.06748
88.21577
86.10072
83.65051
80.99954
78.14224
74.99052
71.60497
67.91927
65.35424
68.42584
72.02848
75.4146
78.59704
81.45017
84.01836
86.37675
88.46508
90.26775
91.839
93.10493
94.06649
94.76602
95.19032
95.34566
95.20956
94.7984
94.1086
93.13927
91.89471
90.3701
88.55098
86.48383
84.16935
81.5645
78.70337
75.58401
72.22063
68.64666
65.41486
67.80108
71.47499
74.84035
77.99731
80.92451
83.57183
85.96703
88.09682
89.96226
91.71918
93.14026
94.11755
94.80199
95.21108
95.34225
95.19602
94.74992
94.0296
93.06557
91.81309
90.23403
88.41454
86.37181
84.02322
81.34122
78.46406
75.37463
72.00156
68.43292
65.37283
68.00182
71.62544
75.01698
78.17107
81.10755
83.76041
86.10223
88.23954
90.08263
91.652
92.9548
93.97301
94.71302
95.15801
95.33915
95.23963
94.84787
94.18728
93.26708
92.02631
90.54721
88.81039
86.77327
84.46922
81.89558
79.07165
75.95451
72.62742
69.09982
65.58093
67.29181
70.96123
74.39689
77.66273
80.61002
83.24698
85.68681
87.85058
89.76897
91.39319
92.71809
93.78754
94.59589
95.09877
95.32709
95.27724
94.94734
94.35066
93.46035
92.29452
90.86401
89.12563
87.13316
84.88124
82.35802
79.57626
76.53514
73.28422
69.76264
66.04872
66.6061
70.30673
73.87323
77.17576
80.11287
82.80193
85.26361
87.47974
89.42459
91.09781
92.4954
93.61143
94.46748
95.02875
95.30365
95.31118
95.03012
94.47008
93.65011
92.52824
91.13179
89.47417
87.53656
85.33042
82.86315
80.12605
77.05998
73.7896
70.39475
66.71704
65.93944
69.52747
72.81085
75.73486
78.27357
80.4122
82.14983
83.49463
84.42645
84.94985
85.05528
84.74214
84.01401
82.87197
81.29073
79.29552
76.88499
74.03712
70.74604
67.04768
62.9392
58.39399
